<?xml version="1.0" encoding="UTF-8" ?>
<testsuite tests="3" failures="0" name="org.solent.com528.project.impl.dao.jaxb.test.StationDAOJaxbLondonTest" time="0.061" errors="0" skipped="0">
  <properties>
[...]
</properties>
  <testcase classname="org.solent.com528.project.impl.dao.jaxb.test.StationDAOJaxbLondonTest" name="testInit" time="0.029"/>
  <testcase classname="org.solent.com528.project.impl.dao.jaxb.test.StationDAOJaxbLondonTest" name="testFindLondonStationsByZone" time="0.017"/>
  <testcase classname="org.solent.com528.project.impl.dao.jaxb.test.StationDAOJaxbLondonTest" name="testFindZoneByLondonStations" time="0.015"/>
</testsuite>