<?xml version="1.0" encoding="UTF-8" ?>
<testsuite tests="2" failures="0" name="org.solent.com528.project.impl.dao.jpa.test.StationDAOJpaImplTest" time="0.007" errors="2" skipped="0">
  <properties>
[...]
</properties>
  <testcase classname="org.solent.com528.project.impl.dao.jpa.test.StationDAOJpaImplTest" name="createStationDAOJpaImplTest" time="0.006">
    <error type="java.lang.ExceptionInInitializerError">java.lang.ExceptionInInitializerError
	at org.solent.com528.project.impl.dao.jpa.test.StationDAOJpaImplTest.&lt;init&gt;(StationDAOJpaImplTest.java:33)
	at java.base/jdk.internal.reflect.NativeConstructorAccessorImpl.newInstance0(Native Method)
	at java.base/jdk.internal.reflect.NativeConstructorAccessorImpl.newInstance(NativeConstructorAccessorImpl.java:62)
	at java.base/jdk.internal.reflect.DelegatingConstructorAccessorImpl.newInstance(DelegatingConstructorAccessorImpl.java:45)
	at java.base/java.lang.reflect.Constructor.newInstance(Constructor.java:490)
	at org.junit.runners.BlockJUnit4ClassRunner.createTest(BlockJUnit4ClassRunner.java:217)
	at org.junit.runners.BlockJUnit4ClassRunner$1.runReflectiveCall(BlockJUnit4ClassRunner.java:266)
	at org.junit.internal.runners.model.ReflectiveCallable.run(ReflectiveCallable.java:12)
	at org.junit.runners.BlockJUnit4ClassRunner.methodBlock(BlockJUnit4ClassRunner.java:263)
	at org.junit.runners.BlockJUnit4ClassRunner.runChild(BlockJUnit4ClassRunner.java:78)
	at org.junit.runners.BlockJUnit4ClassRunner.runChild(BlockJUnit4ClassRunner.java:57)
	at org.junit.runners.ParentRunner$3.run(ParentRunner.java:290)
	at org.junit.runners.ParentRunner$1.schedule(ParentRunner.java:71)
	at org.junit.runners.ParentRunner.runChildren(ParentRunner.java:288)
	at org.junit.runners.ParentRunner.access$000(ParentRunner.java:58)
	at org.junit.runners.ParentRunner$2.evaluate(ParentRunner.java:268)
	at org.junit.runners.ParentRunner.run(ParentRunner.java:363)
	at org.apache.maven.surefire.junit4.JUnit4Provider.execute(JUnit4Provider.java:252)
	at org.apache.maven.surefire.junit4.JUnit4Provider.executeTestSet(JUnit4Provider.java:141)
	at org.apache.maven.surefire.junit4.JUnit4Provider.invoke(JUnit4Provider.java:112)
	at java.base/jdk.internal.reflect.NativeMethodAccessorImpl.invoke0(Native Method)
	at java.base/jdk.internal.reflect.NativeMethodAccessorImpl.invoke(NativeMethodAccessorImpl.java:62)
	at java.base/jdk.internal.reflect.DelegatingMethodAccessorImpl.invoke(DelegatingMethodAccessorImpl.java:43)
	at java.base/java.lang.reflect.Method.invoke(Method.java:566)
	at org.apache.maven.surefire.util.ReflectionUtils.invokeMethodWithArray(ReflectionUtils.java:189)
	at org.apache.maven.surefire.booter.ProviderFactory$ProviderProxy.invoke(ProviderFactory.java:165)
	at org.apache.maven.surefire.booter.ProviderFactory.invokeProvider(ProviderFactory.java:85)
	at org.apache.maven.surefire.booter.ForkedBooter.runSuitesInProcess(ForkedBooter.java:115)
	at org.apache.maven.surefire.booter.ForkedBooter.main(ForkedBooter.java:75)
Caused by: Exception [EclipseLink-30005] (Eclipse Persistence Services - 2.7.0.v20170811-d680af5): org.eclipse.persistence.exceptions.PersistenceUnitLoadingException
Exception Description: An exception was thrown while searching for persistence archives with ClassLoader: jdk.internal.loader.ClassLoaders$AppClassLoader@2cdf8d8a
Internal Exception: javax.persistence.PersistenceException: Exception [EclipseLink-28018] (Eclipse Persistence Services - 2.7.0.v20170811-d680af5): org.eclipse.persistence.exceptions.EntityManagerSetupException
Exception Description: Predeployment of PersistenceUnit [modelPersistence] failed.
Internal Exception: Exception [EclipseLink-7155] (Eclipse Persistence Services - 2.7.0.v20170811-d680af5): org.eclipse.persistence.exceptions.ValidationException
Exception Description: The type [class org.solent.com528.project.model.dto.TicketMachineConfig] for the attribute [ticketMachineConfig] on the entity class [class org.solent.com528.project.model.dto.TicketMachine] is not a valid type for a serialized mapping. The attribute type must implement the Serializable interface.
	at org.eclipse.persistence.exceptions.PersistenceUnitLoadingException.exceptionSearchingForPersistenceResources(PersistenceUnitLoadingException.java:127)
	at org.eclipse.persistence.jpa.PersistenceProvider.createEntityManagerFactoryImpl(PersistenceProvider.java:115)
	at org.eclipse.persistence.jpa.PersistenceProvider.createEntityManagerFactory(PersistenceProvider.java:188)
	at javax.persistence.Persistence.createEntityManagerFactory(Persistence.java:79)
	at javax.persistence.Persistence.createEntityManagerFactory(Persistence.java:54)
	at org.solent.com528.project.impl.dao.jpa.DAOFactoryJPAImpl.&lt;clinit&gt;(DAOFactoryJPAImpl.java:31)
	... 29 more
Caused by: javax.persistence.PersistenceException: Exception [EclipseLink-28018] (Eclipse Persistence Services - 2.7.0.v20170811-d680af5): org.eclipse.persistence.exceptions.EntityManagerSetupException
Exception Description: Predeployment of PersistenceUnit [modelPersistence] failed.
Internal Exception: Exception [EclipseLink-7155] (Eclipse Persistence Services - 2.7.0.v20170811-d680af5): org.eclipse.persistence.exceptions.ValidationException
Exception Description: The type [class org.solent.com528.project.model.dto.TicketMachineConfig] for the attribute [ticketMachineConfig] on the entity class [class org.solent.com528.project.model.dto.TicketMachine] is not a valid type for a serialized mapping. The attribute type must implement the Serializable interface.
	at org.eclipse.persistence.internal.jpa.EntityManagerSetupImpl.createPredeployFailedPersistenceException(EntityManagerSetupImpl.java:2080)
	at org.eclipse.persistence.internal.jpa.EntityManagerSetupImpl.predeploy(EntityManagerSetupImpl.java:2071)
	at org.eclipse.persistence.internal.jpa.deployment.JPAInitializer.callPredeploy(JPAInitializer.java:101)
	at org.eclipse.persistence.jpa.PersistenceProvider.createEntityManagerFactoryImpl(PersistenceProvider.java:104)
	... 33 more
Caused by: Exception [EclipseLink-28018] (Eclipse Persistence Services - 2.7.0.v20170811-d680af5): org.eclipse.persistence.exceptions.EntityManagerSetupException
Exception Description: Predeployment of PersistenceUnit [modelPersistence] failed.
Internal Exception: Exception [EclipseLink-7155] (Eclipse Persistence Services - 2.7.0.v20170811-d680af5): org.eclipse.persistence.exceptions.ValidationException
Exception Description: The type [class org.solent.com528.project.model.dto.TicketMachineConfig] for the attribute [ticketMachineConfig] on the entity class [class org.solent.com528.project.model.dto.TicketMachine] is not a valid type for a serialized mapping. The attribute type must implement the Serializable interface.
	at org.eclipse.persistence.exceptions.EntityManagerSetupException.predeployFailed(EntityManagerSetupException.java:231)
	... 37 more
Caused by: Exception [EclipseLink-7155] (Eclipse Persistence Services - 2.7.0.v20170811-d680af5): org.eclipse.persistence.exceptions.ValidationException
Exception Description: The type [class org.solent.com528.project.model.dto.TicketMachineConfig] for the attribute [ticketMachineConfig] on the entity class [class org.solent.com528.project.model.dto.TicketMachine] is not a valid type for a serialized mapping. The attribute type must implement the Serializable interface.
	at org.eclipse.persistence.exceptions.ValidationException.invalidTypeForSerializedAttribute(ValidationException.java:1142)
	at org.eclipse.persistence.internal.jpa.metadata.converters.SerializedMetadata.process(SerializedMetadata.java:103)
	at org.eclipse.persistence.internal.jpa.metadata.accessors.mappings.MappingAccessor.processSerialized(MappingAccessor.java:2024)
	at org.eclipse.persistence.internal.jpa.metadata.accessors.mappings.MappingAccessor.processMappingConverter(MappingAccessor.java:1851)
	at org.eclipse.persistence.internal.jpa.metadata.accessors.mappings.MappingAccessor.processMappingValueConverter(MappingAccessor.java:1872)
	at org.eclipse.persistence.internal.jpa.metadata.accessors.mappings.BasicAccessor.process(BasicAccessor.java:433)
	at org.eclipse.persistence.internal.jpa.metadata.MetadataDescriptor.processMappingAccessors(MetadataDescriptor.java:1536)
	at org.eclipse.persistence.internal.jpa.metadata.accessors.classes.ClassAccessor.processMappingAccessors(ClassAccessor.java:1656)
	at org.eclipse.persistence.internal.jpa.metadata.accessors.classes.EntityAccessor.processMappingAccessors(EntityAccessor.java:1240)
	at org.eclipse.persistence.internal.jpa.metadata.accessors.classes.EntityAccessor.process(EntityAccessor.java:699)
	at org.eclipse.persistence.internal.jpa.metadata.MetadataProject.processStage2(MetadataProject.java:1876)
	at org.eclipse.persistence.internal.jpa.metadata.MetadataProcessor.processORMMetadata(MetadataProcessor.java:575)
	at org.eclipse.persistence.internal.jpa.deployment.PersistenceUnitProcessor.processORMetadata(PersistenceUnitProcessor.java:610)
	at org.eclipse.persistence.internal.jpa.EntityManagerSetupImpl.predeploy(EntityManagerSetupImpl.java:1992)
	... 35 more
</error>
  </testcase>
  <testcase classname="org.solent.com528.project.impl.dao.jpa.test.StationDAOJpaImplTest" name="stationDAOJpaImplTest" time="0.001">
    <error message="Could not initialize class org.solent.com528.project.impl.dao.jpa.DAOFactoryJPAImpl" type="java.lang.NoClassDefFoundError">java.lang.NoClassDefFoundError: Could not initialize class org.solent.com528.project.impl.dao.jpa.DAOFactoryJPAImpl
	at org.solent.com528.project.impl.dao.jpa.test.StationDAOJpaImplTest.&lt;init&gt;(StationDAOJpaImplTest.java:33)
	at java.base/jdk.internal.reflect.NativeConstructorAccessorImpl.newInstance0(Native Method)
	at java.base/jdk.internal.reflect.NativeConstructorAccessorImpl.newInstance(NativeConstructorAccessorImpl.java:62)
	at java.base/jdk.internal.reflect.DelegatingConstructorAccessorImpl.newInstance(DelegatingConstructorAccessorImpl.java:45)
	at java.base/java.lang.reflect.Constructor.newInstance(Constructor.java:490)
	at org.junit.runners.BlockJUnit4ClassRunner.createTest(BlockJUnit4ClassRunner.java:217)
	at org.junit.runners.BlockJUnit4ClassRunner$1.runReflectiveCall(BlockJUnit4ClassRunner.java:266)
	at org.junit.internal.runners.model.ReflectiveCallable.run(ReflectiveCallable.java:12)
	at org.junit.runners.BlockJUnit4ClassRunner.methodBlock(BlockJUnit4ClassRunner.java:263)
	at org.junit.runners.BlockJUnit4ClassRunner.runChild(BlockJUnit4ClassRunner.java:78)
	at org.junit.runners.BlockJUnit4ClassRunner.runChild(BlockJUnit4ClassRunner.java:57)
	at org.junit.runners.ParentRunner$3.run(ParentRunner.java:290)
	at org.junit.runners.ParentRunner$1.schedule(ParentRunner.java:71)
	at org.junit.runners.ParentRunner.runChildren(ParentRunner.java:288)
	at org.junit.runners.ParentRunner.access$000(ParentRunner.java:58)
	at org.junit.runners.ParentRunner$2.evaluate(ParentRunner.java:268)
	at org.junit.runners.ParentRunner.run(ParentRunner.java:363)
	at org.apache.maven.surefire.junit4.JUnit4Provider.execute(JUnit4Provider.java:252)
	at org.apache.maven.surefire.junit4.JUnit4Provider.executeTestSet(JUnit4Provider.java:141)
	at org.apache.maven.surefire.junit4.JUnit4Provider.invoke(JUnit4Provider.java:112)
	at java.base/jdk.internal.reflect.NativeMethodAccessorImpl.invoke0(Native Method)
	at java.base/jdk.internal.reflect.NativeMethodAccessorImpl.invoke(NativeMethodAccessorImpl.java:62)
	at java.base/jdk.internal.reflect.DelegatingMethodAccessorImpl.invoke(DelegatingMethodAccessorImpl.java:43)
	at java.base/java.lang.reflect.Method.invoke(Method.java:566)
	at org.apache.maven.surefire.util.ReflectionUtils.invokeMethodWithArray(ReflectionUtils.java:189)
	at org.apache.maven.surefire.booter.ProviderFactory$ProviderProxy.invoke(ProviderFactory.java:165)
	at org.apache.maven.surefire.booter.ProviderFactory.invokeProvider(ProviderFactory.java:85)
	at org.apache.maven.surefire.booter.ForkedBooter.runSuitesInProcess(ForkedBooter.java:115)
	at org.apache.maven.surefire.booter.ForkedBooter.main(ForkedBooter.java:75)
</error>
  </testcase>
</testsuite>